{"numTotalTestSuites":74,"numPassedTestSuites":59,"numFailedTestSuites":15,"numPendingTestSuites":0,"numTotalTests":133,"numPassedTests":114,"numFailedTests":19,"numPendingTests":0,"numTodoTests":0,"snapshot":{"added":0,"failure":false,"filesAdded":0,"filesRemoved":0,"filesRemovedList":[],"filesUnmatched":0,"filesUpdated":0,"matched":0,"total":0,"unchecked":0,"uncheckedKeysByFile":[],"unmatched":0,"updated":0,"didUpdate":false},"startTime":1775683275259,"success":false,"testResults":[{"assertionResults":[{"ancestorTitles":["Cache Integrity (TDD: Reset Guard)"],"fullName":"Cache Integrity (TDD: Reset Guard) SHOULD NOT clear neural audio cache when a single click occurs","status":"passed","title":"SHOULD NOT clear neural audio cache when a single click occurs","duration":35.76180000000022,"failureMessages":[],"meta":{},"tags":[]}],"startTime":1775683290621,"endTime":1775683290656.7617,"status":"passed","message":"","name":"C:/Users/Idan4/Desktop/readme-preview-read-aloud/tests/webview/CacheIntegrity.test.ts"},{"assertionResults":[{"ancestorTitles":["CacheManager GC (Lifecycle Management)"],"fullName":"CacheManager GC (Lifecycle Management) should prune entries older than 7 days (TTL)","status":"passed","title":"should prune entries older than 7 days (TTL)","duration":237.42540000000008,"failureMessages":[],"meta":{},"tags":[]},{"ancestorTitles":["CacheManager GC (Lifecycle Management)"],"fullName":"CacheManager GC (Lifecycle Management) should prune oldest entries when exceeding 100MB (Size Cap)","status":"passed","title":"should prune oldest entries when exceeding 100MB (Size Cap)","duration":186.03889999999956,"failureMessages":[],"meta":{},"tags":[]},{"ancestorTitles":["CacheManager GC (Lifecycle Management)"],"fullName":"CacheManager GC (Lifecycle Management) should synchronize Tier-1 (Memory) with GC deletions","status":"passed","title":"should synchronize Tier-1 (Memory) with GC deletions","duration":130.29930000000058,"failureMessages":[],"meta":{},"tags":[]}],"startTime":1775683284738,"endTime":1775683285292.2993,"status":"passed","message":"","name":"C:/Users/Idan4/Desktop/readme-preview-read-aloud/tests/webview/CacheManager.gc.test.ts"},{"assertionResults":[{"ancestorTitles":["Cache Wipe Sovereignty (TDD: #45)"],"fullName":"Cache Wipe Sovereignty (TDD: #45) SHOULD revoke all blob URLs before clearing IndexedDB (Ghost Audio Guard)","status":"failed","title":"SHOULD revoke all blob URLs before clearing IndexedDB (Ghost Audio Guard)","duration":21.782900000000154,"failureMessages":["TypeError: Cannot read properties of undefined (reading 'cache')\n    at C:/Users/Idan4/Desktop/readme-preview-read-aloud/tests/webview/CacheWipeSovereignty.test.ts:29:49\n    at file:///C:/Users/Idan4/Desktop/readme-preview-read-aloud/node_modules/@vitest/runner/dist/chunk-artifact.js:302:11\n    at file:///C:/Users/Idan4/Desktop/readme-preview-read-aloud/node_modules/@vitest/runner/dist/chunk-artifact.js:1893:26\n    at file:///C:/Users/Idan4/Desktop/readme-preview-read-aloud/node_modules/@vitest/runner/dist/chunk-artifact.js:2316:20\n    at new Promise (<anonymous>)\n    at runWithCancel (file:///C:/Users/Idan4/Desktop/readme-preview-read-aloud/node_modules/@vitest/runner/dist/chunk-artifact.js:2313:10)\n    at file:///C:/Users/Idan4/Desktop/readme-preview-read-aloud/node_modules/@vitest/runner/dist/chunk-artifact.js:2295:20\n    at new Promise (<anonymous>)\n    at runWithTimeout (file:///C:/Users/Idan4/Desktop/readme-preview-read-aloud/node_modules/@vitest/runner/dist/chunk-artifact.js:2262:10)\n    at file:///C:/Users/Idan4/Desktop/readme-preview-read-aloud/node_modules/@vitest/runner/dist/chunk-artifact.js:2945:64"],"meta":{},"tags":[]},{"ancestorTitles":["Cache Wipe Sovereignty (TDD: #45)"],"fullName":"Cache Wipe Sovereignty (TDD: #45) SHOULD reset neuralBuffer stats to zero immediately after wipe","status":"passed","title":"SHOULD reset neuralBuffer stats to zero immediately after wipe","duration":9.482200000000375,"failureMessages":[],"meta":{},"tags":[]},{"ancestorTitles":["Cache Wipe Sovereignty (TDD: #45)"],"fullName":"Cache Wipe Sovereignty (TDD: #45) SHOULD trigger wipe when extension sends CLEAR_CACHE_WIPE command","status":"passed","title":"SHOULD trigger wipe when extension sends CLEAR_CACHE_WIPE command","duration":61.80110000000059,"failureMessages":[],"meta":{},"tags":[]}],"startTime":1775683284709,"endTime":1775683284801.801,"status":"failed","message":"","name":"C:/Users/Idan4/Desktop/readme-preview-read-aloud/tests/webview/CacheWipeSovereignty.test.ts"},{"assertionResults":[{"ancestorTitles":["CacheWipeSymmetry (TDD)"],"fullName":"CacheWipeSymmetry (TDD) SHOULD reset all store properties to zero when CLEAR_CACHE_WIPE arrives","status":"passed","title":"SHOULD reset all store properties to zero when CLEAR_CACHE_WIPE arrives","duration":6.196899999999914,"failureMessages":[],"meta":{},"tags":[]}],"startTime":1775683298356,"endTime":1775683298362.197,"status":"passed","message":"","name":"C:/Users/Idan4/Desktop/readme-preview-read-aloud/tests/webview/CacheWipeSymmetry.test.ts"},{"assertionResults":[{"ancestorTitles":["Control System Audit (Reproduction)"],"fullName":"Control System Audit (Reproduction) Play button should dispatch OutgoingAction.PLAY","status":"passed","title":"Play button should dispatch OutgoingAction.PLAY","duration":167.73439999999937,"failureMessages":[],"meta":{},"tags":[]},{"ancestorTitles":["Control System Audit (Reproduction)"],"fullName":"Control System Audit (Reproduction) CORRUPTION REPRO: PLAYBACK_STATE_CHANGED with partial data should NOT wipe the store state","status":"passed","title":"CORRUPTION REPRO: PLAYBACK_STATE_CHANGED with partial data should NOT wipe the store state","duration":66.48679999999877,"failureMessages":[],"meta":{},"tags":[]},{"ancestorTitles":["Control System Audit (Reproduction)"],"fullName":"Control System Audit (Reproduction) Autoplay cycle should transition correctly: auto -> chapter -> row","status":"passed","title":"Autoplay cycle should transition correctly: auto -> chapter -> row","duration":31.311600000000908,"failureMessages":[],"meta":{},"tags":[]},{"ancestorTitles":["Control System Audit (Reproduction)"],"fullName":"Control System Audit (Reproduction) ZOMBIE FIX: playFromCache should NOT trigger the Zombie Guard","status":"failed","title":"ZOMBIE FIX: playFromCache should NOT trigger the Zombie Guard","duration":24.583599999999933,"failureMessages":["TypeError: engine.getStrategy is not a function\n    at C:/Users/Idan4/Desktop/readme-preview-read-aloud/tests/webview/control_system_audit.test.ts:119:42\n    at file:///C:/Users/Idan4/Desktop/readme-preview-read-aloud/node_modules/@vitest/runner/dist/chunk-artifact.js:302:11\n    at file:///C:/Users/Idan4/Desktop/readme-preview-read-aloud/node_modules/@vitest/runner/dist/chunk-artifact.js:1893:26\n    at file:///C:/Users/Idan4/Desktop/readme-preview-read-aloud/node_modules/@vitest/runner/dist/chunk-artifact.js:2316:20\n    at new Promise (<anonymous>)\n    at runWithCancel (file:///C:/Users/Idan4/Desktop/readme-preview-read-aloud/node_modules/@vitest/runner/dist/chunk-artifact.js:2313:10)\n    at file:///C:/Users/Idan4/Desktop/readme-preview-read-aloud/node_modules/@vitest/runner/dist/chunk-artifact.js:2295:20\n    at new Promise (<anonymous>)\n    at runWithTimeout (file:///C:/Users/Idan4/Desktop/readme-preview-read-aloud/node_modules/@vitest/runner/dist/chunk-artifact.js:2262:10)\n    at file:///C:/Users/Idan4/Desktop/readme-preview-read-aloud/node_modules/@vitest/runner/dist/chunk-artifact.js:2945:64"],"meta":{},"tags":[]},{"ancestorTitles":["Control System Audit (Reproduction)"],"fullName":"Control System Audit (Reproduction) IPC REPRO: VOICES command updates store","status":"passed","title":"IPC REPRO: VOICES command updates store","duration":27.452299999999013,"failureMessages":[],"meta":{},"tags":[]},{"ancestorTitles":["Control System Audit (Reproduction)"],"fullName":"Control System Audit (Reproduction) IPC FIX: CACHE_STATS command updates store correctly","status":"passed","title":"IPC FIX: CACHE_STATS command updates store correctly","duration":21.70169999999962,"failureMessages":[],"meta":{},"tags":[]},{"ancestorTitles":["Control System Audit (Reproduction)"],"fullName":"Control System Audit (Reproduction) REPRO: Clicking STOP should stop the local audio engine immediately","status":"passed","title":"REPRO: Clicking STOP should stop the local audio engine immediately","duration":29.16359999999986,"failureMessages":[],"meta":{},"tags":[]},{"ancestorTitles":["Control System Audit (Reproduction)"],"fullName":"Control System Audit (Reproduction) PULL FIX: Cache Miss in Webview should trigger FETCH_AUDIO handshake (NOT immediate synthesis)","status":"failed","title":"PULL FIX: Cache Miss in Webview should trigger FETCH_AUDIO handshake (NOT immediate synthesis)","duration":14.097999999999956,"failureMessages":["TypeError: engine.getStrategy is not a function\n    at C:/Users/Idan4/Desktop/readme-preview-read-aloud/tests/webview/control_system_audit.test.ts:199:42\n    at file:///C:/Users/Idan4/Desktop/readme-preview-read-aloud/node_modules/@vitest/runner/dist/chunk-artifact.js:302:11\n    at file:///C:/Users/Idan4/Desktop/readme-preview-read-aloud/node_modules/@vitest/runner/dist/chunk-artifact.js:1893:26\n    at file:///C:/Users/Idan4/Desktop/readme-preview-read-aloud/node_modules/@vitest/runner/dist/chunk-artifact.js:2316:20\n    at new Promise (<anonymous>)\n    at runWithCancel (file:///C:/Users/Idan4/Desktop/readme-preview-read-aloud/node_modules/@vitest/runner/dist/chunk-artifact.js:2313:10)\n    at file:///C:/Users/Idan4/Desktop/readme-preview-read-aloud/node_modules/@vitest/runner/dist/chunk-artifact.js:2295:20\n    at new Promise (<anonymous>)\n    at runWithTimeout (file:///C:/Users/Idan4/Desktop/readme-preview-read-aloud/node_modules/@vitest/runner/dist/chunk-artifact.js:2262:10)\n    at file:///C:/Users/Idan4/Desktop/readme-preview-read-aloud/node_modules/@vitest/runner/dist/chunk-artifact.js:2945:64"],"meta":{},"tags":[]}],"startTime":1775683284925,"endTime":1775683285309.098,"status":"failed","message":"","name":"C:/Users/Idan4/Desktop/readme-preview-read-aloud/tests/webview/control_system_audit.test.ts"},{"assertionResults":[{"ancestorTitles":["WebviewStore Debug"],"fullName":"WebviewStore Debug should track hydration via updateState","status":"passed","title":"should track hydration via updateState","duration":5.49579999999969,"failureMessages":[],"meta":{},"tags":[]}],"startTime":1775683297932,"endTime":1775683297937.4958,"status":"passed","message":"","name":"C:/Users/Idan4/Desktop/readme-preview-read-aloud/tests/webview/debug_store_hydration.test.ts"},{"assertionResults":[{"ancestorTitles":["E2E Handshake & UI Integrity","File Context Interactions"],"fullName":"E2E Handshake & UI Integrity File Context Interactions should trigger OutgoingAction.LOAD_DOCUMENT when load button is clicked","status":"failed","title":"should trigger OutgoingAction.LOAD_DOCUMENT when load button is clicked","duration":242.3694999999998,"failureMessages":["AssertionError: expected \"vi.fn()\" to be called with arguments: [ ObjectContaining{…} ]\u001b[90m\n\nNumber of calls: \u001b[1m0\u001b[22m\n\u001b[39m\n    at Proxy.<anonymous> (file:///C:/Users/Idan4/Desktop/readme-preview-read-aloud/node_modules/@vitest/expect/dist/index.js:1486:10)\n    at Proxy.<anonymous> (file:///C:/Users/Idan4/Desktop/readme-preview-read-aloud/node_modules/@vitest/expect/dist/index.js:1155:15)\n    at Proxy.methodWrapper (file:///C:/Users/Idan4/Desktop/readme-preview-read-aloud/node_modules/chai/index.js:1700:25)\n    at C:/Users/Idan4/Desktop/readme-preview-read-aloud/tests/webview/e2e_handshake.test.ts:165:44\n    at file:///C:/Users/Idan4/Desktop/readme-preview-read-aloud/node_modules/@vitest/runner/dist/chunk-artifact.js:302:11\n    at file:///C:/Users/Idan4/Desktop/readme-preview-read-aloud/node_modules/@vitest/runner/dist/chunk-artifact.js:1893:26\n    at file:///C:/Users/Idan4/Desktop/readme-preview-read-aloud/node_modules/@vitest/runner/dist/chunk-artifact.js:2316:20\n    at new Promise (<anonymous>)\n    at runWithCancel (file:///C:/Users/Idan4/Desktop/readme-preview-read-aloud/node_modules/@vitest/runner/dist/chunk-artifact.js:2313:10)\n    at file:///C:/Users/Idan4/Desktop/readme-preview-read-aloud/node_modules/@vitest/runner/dist/chunk-artifact.js:2295:20"],"meta":{},"tags":[]},{"ancestorTitles":["E2E Handshake & UI Integrity","File Context Interactions"],"fullName":"E2E Handshake & UI Integrity File Context Interactions should trigger OutgoingAction.RESET_CONTEXT when clear button is clicked","status":"failed","title":"should trigger OutgoingAction.RESET_CONTEXT when clear button is clicked","duration":60.882800000001225,"failureMessages":["AssertionError: expected \"vi.fn()\" to be called with arguments: [ ObjectContaining{…} ]\u001b[90m\n\nNumber of calls: \u001b[1m0\u001b[22m\n\u001b[39m\n    at Proxy.<anonymous> (file:///C:/Users/Idan4/Desktop/readme-preview-read-aloud/node_modules/@vitest/expect/dist/index.js:1486:10)\n    at Proxy.<anonymous> (file:///C:/Users/Idan4/Desktop/readme-preview-read-aloud/node_modules/@vitest/expect/dist/index.js:1155:15)\n    at Proxy.methodWrapper (file:///C:/Users/Idan4/Desktop/readme-preview-read-aloud/node_modules/chai/index.js:1700:25)\n    at C:/Users/Idan4/Desktop/readme-preview-read-aloud/tests/webview/e2e_handshake.test.ts:173:44\n    at file:///C:/Users/Idan4/Desktop/readme-preview-read-aloud/node_modules/@vitest/runner/dist/chunk-artifact.js:302:11\n    at file:///C:/Users/Idan4/Desktop/readme-preview-read-aloud/node_modules/@vitest/runner/dist/chunk-artifact.js:1893:26\n    at file:///C:/Users/Idan4/Desktop/readme-preview-read-aloud/node_modules/@vitest/runner/dist/chunk-artifact.js:2316:20\n    at new Promise (<anonymous>)\n    at runWithCancel (file:///C:/Users/Idan4/Desktop/readme-preview-read-aloud/node_modules/@vitest/runner/dist/chunk-artifact.js:2313:10)\n    at file:///C:/Users/Idan4/Desktop/readme-preview-read-aloud/node_modules/@vitest/runner/dist/chunk-artifact.js:2295:20"],"meta":{},"tags":[]},{"ancestorTitles":["E2E Handshake & UI Integrity","File Context Interactions"],"fullName":"E2E Handshake & UI Integrity File Context Interactions should pulse the load button when a mismatch is detected","status":"passed","title":"should pulse the load button when a mismatch is detected","duration":94.1239000000005,"failureMessages":[],"meta":{},"tags":[]},{"ancestorTitles":["E2E Handshake & UI Integrity","File Context Interactions"],"fullName":"E2E Handshake & UI Integrity File Context Interactions should update rate when slider is changed","status":"failed","title":"should update rate when slider is changed","duration":58.10559999999896,"failureMessages":["AssertionError: expected +0 to be 5 // Object.is equality\n    at C:/Users/Idan4/Desktop/readme-preview-read-aloud/tests/webview/e2e_handshake.test.ts:200:43\n    at file:///C:/Users/Idan4/Desktop/readme-preview-read-aloud/node_modules/@vitest/runner/dist/chunk-artifact.js:302:11\n    at file:///C:/Users/Idan4/Desktop/readme-preview-read-aloud/node_modules/@vitest/runner/dist/chunk-artifact.js:1893:26\n    at file:///C:/Users/Idan4/Desktop/readme-preview-read-aloud/node_modules/@vitest/runner/dist/chunk-artifact.js:2316:20\n    at new Promise (<anonymous>)\n    at runWithCancel (file:///C:/Users/Idan4/Desktop/readme-preview-read-aloud/node_modules/@vitest/runner/dist/chunk-artifact.js:2313:10)\n    at file:///C:/Users/Idan4/Desktop/readme-preview-read-aloud/node_modules/@vitest/runner/dist/chunk-artifact.js:2295:20\n    at new Promise (<anonymous>)\n    at runWithTimeout (file:///C:/Users/Idan4/Desktop/readme-preview-read-aloud/node_modules/@vitest/runner/dist/chunk-artifact.js:2262:10)\n    at file:///C:/Users/Idan4/Desktop/readme-preview-read-aloud/node_modules/@vitest/runner/dist/chunk-artifact.js:2945:64"],"meta":{},"tags":[]},{"ancestorTitles":["E2E Handshake & UI Integrity","Playback Controls Handshake"],"fullName":"E2E Handshake & UI Integrity Playback Controls Handshake should trigger OutgoingAction.PLAY when play is clicked","status":"failed","title":"should trigger OutgoingAction.PLAY when play is clicked","duration":55.3768,"failureMessages":["AssertionError: expected false to be true // Object.is equality\n    at C:/Users/Idan4/Desktop/readme-preview-read-aloud/tests/webview/e2e_handshake.test.ts:211:48\n    at file:///C:/Users/Idan4/Desktop/readme-preview-read-aloud/node_modules/@vitest/runner/dist/chunk-artifact.js:302:11\n    at file:///C:/Users/Idan4/Desktop/readme-preview-read-aloud/node_modules/@vitest/runner/dist/chunk-artifact.js:1893:26\n    at file:///C:/Users/Idan4/Desktop/readme-preview-read-aloud/node_modules/@vitest/runner/dist/chunk-artifact.js:2316:20\n    at new Promise (<anonymous>)\n    at runWithCancel (file:///C:/Users/Idan4/Desktop/readme-preview-read-aloud/node_modules/@vitest/runner/dist/chunk-artifact.js:2313:10)\n    at file:///C:/Users/Idan4/Desktop/readme-preview-read-aloud/node_modules/@vitest/runner/dist/chunk-artifact.js:2295:20\n    at new Promise (<anonymous>)\n    at runWithTimeout (file:///C:/Users/Idan4/Desktop/readme-preview-read-aloud/node_modules/@vitest/runner/dist/chunk-artifact.js:2262:10)\n    at file:///C:/Users/Idan4/Desktop/readme-preview-read-aloud/node_modules/@vitest/runner/dist/chunk-artifact.js:2945:64"],"meta":{},"tags":[]},{"ancestorTitles":["E2E Handshake & UI Integrity","Playback Controls Handshake"],"fullName":"E2E Handshake & UI Integrity Playback Controls Handshake should trigger OutgoingAction.STOP when stop is clicked","status":"failed","title":"should trigger OutgoingAction.STOP when stop is clicked","duration":43.22929999999906,"failureMessages":["AssertionError: expected \"vi.fn()\" to be called with arguments: [ Array(1) ]\u001b[90m\n\nNumber of calls: \u001b[1m0\u001b[22m\n\u001b[39m\n    at Proxy.<anonymous> (file:///C:/Users/Idan4/Desktop/readme-preview-read-aloud/node_modules/@vitest/expect/dist/index.js:1486:10)\n    at Proxy.<anonymous> (file:///C:/Users/Idan4/Desktop/readme-preview-read-aloud/node_modules/@vitest/expect/dist/index.js:1155:15)\n    at Proxy.methodWrapper (file:///C:/Users/Idan4/Desktop/readme-preview-read-aloud/node_modules/chai/index.js:1700:25)\n    at C:/Users/Idan4/Desktop/readme-preview-read-aloud/tests/webview/e2e_handshake.test.ts:220:44\n    at file:///C:/Users/Idan4/Desktop/readme-preview-read-aloud/node_modules/@vitest/runner/dist/chunk-artifact.js:302:11\n    at file:///C:/Users/Idan4/Desktop/readme-preview-read-aloud/node_modules/@vitest/runner/dist/chunk-artifact.js:1893:26\n    at file:///C:/Users/Idan4/Desktop/readme-preview-read-aloud/node_modules/@vitest/runner/dist/chunk-artifact.js:2316:20\n    at new Promise (<anonymous>)\n    at runWithCancel (file:///C:/Users/Idan4/Desktop/readme-preview-read-aloud/node_modules/@vitest/runner/dist/chunk-artifact.js:2313:10)\n    at file:///C:/Users/Idan4/Desktop/readme-preview-read-aloud/node_modules/@vitest/runner/dist/chunk-artifact.js:2295:20"],"meta":{},"tags":[]},{"ancestorTitles":["E2E Handshake & UI Integrity","Playback Controls Handshake"],"fullName":"E2E Handshake & UI Integrity Playback Controls Handshake should trigger sentence skip actions","status":"failed","title":"should trigger sentence skip actions","duration":35.46569999999883,"failureMessages":["AssertionError: expected \"vi.fn()\" to be called with arguments: [ ObjectContaining{…} ]\u001b[90m\n\nNumber of calls: \u001b[1m0\u001b[22m\n\u001b[39m\n    at Proxy.<anonymous> (file:///C:/Users/Idan4/Desktop/readme-preview-read-aloud/node_modules/@vitest/expect/dist/index.js:1486:10)\n    at Proxy.<anonymous> (file:///C:/Users/Idan4/Desktop/readme-preview-read-aloud/node_modules/@vitest/expect/dist/index.js:1155:15)\n    at Proxy.methodWrapper (file:///C:/Users/Idan4/Desktop/readme-preview-read-aloud/node_modules/chai/index.js:1700:25)\n    at C:/Users/Idan4/Desktop/readme-preview-read-aloud/tests/webview/e2e_handshake.test.ts:227:44\n    at file:///C:/Users/Idan4/Desktop/readme-preview-read-aloud/node_modules/@vitest/runner/dist/chunk-artifact.js:302:11\n    at file:///C:/Users/Idan4/Desktop/readme-preview-read-aloud/node_modules/@vitest/runner/dist/chunk-artifact.js:1893:26\n    at file:///C:/Users/Idan4/Desktop/readme-preview-read-aloud/node_modules/@vitest/runner/dist/chunk-artifact.js:2316:20\n    at new Promise (<anonymous>)\n    at runWithCancel (file:///C:/Users/Idan4/Desktop/readme-preview-read-aloud/node_modules/@vitest/runner/dist/chunk-artifact.js:2313:10)\n    at file:///C:/Users/Idan4/Desktop/readme-preview-read-aloud/node_modules/@vitest/runner/dist/chunk-artifact.js:2295:20"],"meta":{},"tags":[]},{"ancestorTitles":["E2E Handshake & UI Integrity","Playback Controls Handshake"],"fullName":"E2E Handshake & UI Integrity Playback Controls Handshake should trigger chapter skip actions","status":"failed","title":"should trigger chapter skip actions","duration":28.97599999999875,"failureMessages":["AssertionError: expected \"vi.fn()\" to be called with arguments: [ ObjectContaining{…} ]\u001b[90m\n\nNumber of calls: \u001b[1m0\u001b[22m\n\u001b[39m\n    at Proxy.<anonymous> (file:///C:/Users/Idan4/Desktop/readme-preview-read-aloud/node_modules/@vitest/expect/dist/index.js:1486:10)\n    at Proxy.<anonymous> (file:///C:/Users/Idan4/Desktop/readme-preview-read-aloud/node_modules/@vitest/expect/dist/index.js:1155:15)\n    at Proxy.methodWrapper (file:///C:/Users/Idan4/Desktop/readme-preview-read-aloud/node_modules/chai/index.js:1700:25)\n    at C:/Users/Idan4/Desktop/readme-preview-read-aloud/tests/webview/e2e_handshake.test.ts:234:44\n    at file:///C:/Users/Idan4/Desktop/readme-preview-read-aloud/node_modules/@vitest/runner/dist/chunk-artifact.js:302:11\n    at file:///C:/Users/Idan4/Desktop/readme-preview-read-aloud/node_modules/@vitest/runner/dist/chunk-artifact.js:1893:26\n    at file:///C:/Users/Idan4/Desktop/readme-preview-read-aloud/node_modules/@vitest/runner/dist/chunk-artifact.js:2316:20\n    at new Promise (<anonymous>)\n    at runWithCancel (file:///C:/Users/Idan4/Desktop/readme-preview-read-aloud/node_modules/@vitest/runner/dist/chunk-artifact.js:2313:10)\n    at file:///C:/Users/Idan4/Desktop/readme-preview-read-aloud/node_modules/@vitest/runner/dist/chunk-artifact.js:2295:20"],"meta":{},"tags":[]},{"ancestorTitles":["E2E Handshake & UI Integrity","Settings Drawer Logic"],"fullName":"E2E Handshake & UI Integrity Settings Drawer Logic should toggle the drawer open class when clicking the gear icon","status":"passed","title":"should toggle the drawer open class when clicking the gear icon","duration":53.080699999998615,"failureMessages":[],"meta":{},"tags":[]}],"startTime":1775683283395,"endTime":1775683284069.0808,"status":"failed","message":"","name":"C:/Users/Idan4/Desktop/readme-preview-read-aloud/tests/webview/e2e_handshake.test.ts"},{"assertionResults":[{"ancestorTitles":["Handshake Gate (Webview Side)"],"fullName":"Handshake Gate (Webview Side) should block PLAY action when handshake is incomplete","status":"passed","title":"should block PLAY action when handshake is incomplete","duration":29.72020000000066,"failureMessages":[],"meta":{},"tags":[]},{"ancestorTitles":["Handshake Gate (Webview Side)"],"fullName":"Handshake Gate (Webview Side) should allow PLAY action after handshake is complete","status":"passed","title":"should allow PLAY action after handshake is complete","duration":20.011199999999917,"failureMessages":[],"meta":{},"tags":[]},{"ancestorTitles":["Handshake Gate (Webview Side)"],"fullName":"Handshake Gate (Webview Side) should block LOAD_DOCUMENT action when handshake is incomplete","status":"passed","title":"should block LOAD_DOCUMENT action when handshake is incomplete","duration":6.103399999999965,"failureMessages":[],"meta":{},"tags":[]},{"ancestorTitles":["Handshake Gate (Webview Side)"],"fullName":"Handshake Gate (Webview Side) should allow LOAD_DOCUMENT action after handshake is complete","status":"passed","title":"should allow LOAD_DOCUMENT action after handshake is complete","duration":4.337700000000041,"failureMessages":[],"meta":{},"tags":[]}],"startTime":1775683295551,"endTime":1775683295611.3376,"status":"passed","message":"","name":"C:/Users/Idan4/Desktop/readme-preview-read-aloud/tests/webview/HandshakeGate.test.ts"},{"assertionResults":[{"ancestorTitles":["Webview Bootstrap: Debug Mode (TDD)"],"fullName":"Webview Bootstrap: Debug Mode (TDD) SHOULD show debug-mode-tag if config.debugMode is true","status":"passed","title":"SHOULD show debug-mode-tag if config.debugMode is true","duration":251.41560000000027,"failureMessages":[],"meta":{},"tags":[]},{"ancestorTitles":["Webview Bootstrap: Debug Mode (TDD)"],"fullName":"Webview Bootstrap: Debug Mode (TDD) SHOULD NOT show debug-mode-tag if config.debugMode is false","status":"passed","title":"SHOULD NOT show debug-mode-tag if config.debugMode is false","duration":93.818299999999,"failureMessages":[],"meta":{},"tags":[]}],"startTime":1775683283867,"endTime":1775683284212.8184,"status":"passed","message":"","name":"C:/Users/Idan4/Desktop/readme-preview-read-aloud/tests/webview/index.test.ts"},{"assertionResults":[],"startTime":1775683275259,"endTime":1775683275259,"status":"failed","message":"Failed to resolve import \"../../src/webview/sessionController\" from \"tests/webview/integration_v3.test.ts\". Does the file exist?","name":"C:/Users/Idan4/Desktop/readme-preview-read-aloud/tests/webview/integration_v3.test.ts"},{"assertionResults":[{"ancestorTitles":["Loading Lifecycle Audit & Stabilization (v2.3.1)"],"fullName":"Loading Lifecycle Audit & Stabilization (v2.3.1) SHOULD clear isAwaitingSync during resetLoadingStates","status":"passed","title":"SHOULD clear isAwaitingSync during resetLoadingStates","duration":12.247699999999895,"failureMessages":[],"meta":{},"tags":[]},{"ancestorTitles":["Loading Lifecycle Audit & Stabilization (v2.3.1)"],"fullName":"Loading Lifecycle Audit & Stabilization (v2.3.1) playbackStalled should be cleared by resetLoadingStates()","status":"passed","title":"playbackStalled should be cleared by resetLoadingStates()","duration":3.491899999999987,"failureMessages":[],"meta":{},"tags":[]},{"ancestorTitles":["Loading Lifecycle Audit & Stabilization (v2.3.1)"],"fullName":"Loading Lifecycle Audit & Stabilization (v2.3.1) OPTIMISTIC GESTURE: resetLoadingStates should kill ALL loading states","status":"passed","title":"OPTIMISTIC GESTURE: resetLoadingStates should kill ALL loading states","duration":2.4198000000005777,"failureMessages":[],"meta":{},"tags":[]}],"startTime":1775683296953,"endTime":1775683296971.42,"status":"passed","message":"","name":"C:/Users/Idan4/Desktop/readme-preview-read-aloud/tests/webview/LoadingLifecycle.test.ts"},{"assertionResults":[{"ancestorTitles":["MessageClient"],"fullName":"MessageClient should be a singleton","status":"passed","title":"should be a singleton","duration":11.034499999999753,"failureMessages":[],"meta":{},"tags":[]},{"ancestorTitles":["MessageClient"],"fullName":"MessageClient should post actions correctly","status":"passed","title":"should post actions correctly","duration":8.18999999999869,"failureMessages":[],"meta":{},"tags":[]},{"ancestorTitles":["MessageClient"],"fullName":"MessageClient should route incoming commands with nested payload","status":"passed","title":"should route incoming commands with nested payload","duration":4.690899999999601,"failureMessages":[],"meta":{},"tags":[]},{"ancestorTitles":["MessageClient"],"fullName":"MessageClient should route legacy spread-style incoming commands","status":"passed","title":"should route legacy spread-style incoming commands","duration":2.7710000000006403,"failureMessages":[],"meta":{},"tags":[]},{"ancestorTitles":["MessageClient","Tiered Logging"],"fullName":"MessageClient Tiered Logging should summarize large data in STANDARD mode (default)","status":"passed","title":"should summarize large data in STANDARD mode (default)","duration":3.414099999999962,"failureMessages":[],"meta":{},"tags":[]},{"ancestorTitles":["MessageClient","Tiered Logging"],"fullName":"MessageClient Tiered Logging should log raw data in VERBOSE mode after receiving VERBOSE LogLevel","status":"passed","title":"should log raw data in VERBOSE mode after receiving VERBOSE LogLevel","duration":2.6172000000005937,"failureMessages":[],"meta":{},"tags":[]},{"ancestorTitles":["MessageClient","Tiered Logging"],"fullName":"MessageClient Tiered Logging should output high-density shorthand for UI_SYNC in STANDARD mode","status":"passed","title":"should output high-density shorthand for UI_SYNC in STANDARD mode","duration":2.4812999999994645,"failureMessages":[],"meta":{},"tags":[]}],"startTime":1775683294900,"endTime":1775683294936.4812,"status":"passed","message":"","name":"C:/Users/Idan4/Desktop/readme-preview-read-aloud/tests/webview/messageClient.test.ts"},{"assertionResults":[{"ancestorTitles":["NeuralCache TDD: Storage Optimization & Clearing"],"fullName":"NeuralCache TDD: Storage Optimization & Clearing should handle DATA_PUSH by ingesting into audio engine","status":"passed","title":"should handle DATA_PUSH by ingesting into audio engine","duration":31.002699999999095,"failureMessages":[],"meta":{},"tags":[]},{"ancestorTitles":["NeuralCache TDD: Storage Optimization & Clearing"],"fullName":"NeuralCache TDD: Storage Optimization & Clearing should handle CLEAR_CACHE_WIPE by wiping audio engine cache","status":"passed","title":"should handle CLEAR_CACHE_WIPE by wiping audio engine cache","duration":8.201699999999619,"failureMessages":[],"meta":{},"tags":[]},{"ancestorTitles":["NeuralCache TDD: Storage Optimization & Clearing"],"fullName":"NeuralCache TDD: Storage Optimization & Clearing should update neuralBuffer stats in the store state","status":"passed","title":"should update neuralBuffer stats in the store state","duration":5.974100000001272,"failureMessages":[],"meta":{},"tags":[]}],"startTime":1775683294591,"endTime":1775683294636.974,"status":"passed","message":"","name":"C:/Users/Idan4/Desktop/readme-preview-read-aloud/tests/webview/NeuralCache.test.ts"},{"assertionResults":[{"ancestorTitles":["Playback State-Aware UI & Transition Grace (v2.3.1)"],"fullName":"Playback State-Aware UI & Transition Grace (v2.3.1) PAUSE GESTURE: should switch icon immediately and NOT show spinner even if sync is pending","status":"passed","title":"PAUSE GESTURE: should switch icon immediately and NOT show spinner even if sync is pending","duration":108.62750000000051,"failureMessages":[],"meta":{},"tags":[]},{"ancestorTitles":["Playback State-Aware UI & Transition Grace (v2.3.1)"],"fullName":"Playback State-Aware UI & Transition Grace (v2.3.1) INITIAL PLAY: should show spinner IMMEDIATELY for user clicks (0ms grace)","status":"passed","title":"INITIAL PLAY: should show spinner IMMEDIATELY for user clicks (0ms grace)","duration":35.07199999999921,"failureMessages":[],"meta":{},"tags":[]},{"ancestorTitles":["Playback State-Aware UI & Transition Grace (v2.3.1)"],"fullName":"Playback State-Aware UI & Transition Grace (v2.3.1) CONTINUOUS PLAY: should NOT flicker spinner during AUTO transitions (< 300ms)","status":"passed","title":"CONTINUOUS PLAY: should NOT flicker spinner during AUTO transitions (< 300ms)","duration":37.504399999999805,"failureMessages":[],"meta":{},"tags":[]},{"ancestorTitles":["Playback State-Aware UI & Transition Grace (v2.3.1)"],"fullName":"Playback State-Aware UI & Transition Grace (v2.3.1) STALL THRESHOLD: should show spinner only after 400ms grace period","status":"passed","title":"STALL THRESHOLD: should show spinner only after 400ms grace period","duration":10.804800000000796,"failureMessages":[],"meta":{},"tags":[]},{"ancestorTitles":["Playback State-Aware UI & Transition Grace (v2.3.1)"],"fullName":"Playback State-Aware UI & Transition Grace (v2.3.1) RESPONSIVENESS: should allow user to pause even if button is in loading state","status":"passed","title":"RESPONSIVENESS: should allow user to pause even if button is in loading state","duration":57.43149999999969,"failureMessages":[],"meta":{},"tags":[]},{"ancestorTitles":["Playback State-Aware UI & Transition Grace (v2.3.1)"],"fullName":"Playback State-Aware UI & Transition Grace (v2.3.1) STABILITY: should ensure primary controls have consistent identifying classes","status":"passed","title":"STABILITY: should ensure primary controls have consistent identifying classes","duration":33.683500000000095,"failureMessages":[],"meta":{},"tags":[]}],"startTime":1775683283269,"endTime":1775683283552.6836,"status":"passed","message":"","name":"C:/Users/Idan4/Desktop/readme-preview-read-aloud/tests/webview/PlaybackStateAgnostic.test.ts"},{"assertionResults":[{"ancestorTitles":["Simplified Sync Playback UI"],"fullName":"Simplified Sync Playback UI should reflect isAwaitingSync immediately on PlaybackController trigger","status":"passed","title":"should reflect isAwaitingSync immediately on PlaybackController trigger","duration":147.90799999999945,"failureMessages":[],"meta":{},"tags":[]},{"ancestorTitles":["Simplified Sync Playback UI"],"fullName":"Simplified Sync Playback UI should apply loading classes and respect grace periods (Stall Logic)","status":"passed","title":"should apply loading classes and respect grace periods (Stall Logic)","duration":12.775400000000445,"failureMessages":[],"meta":{},"tags":[]}],"startTime":1775683292827,"endTime":1775683292987.7754,"status":"passed","message":"","name":"C:/Users/Idan4/Desktop/readme-preview-read-aloud/tests/webview/SyncAwarePlayback.test.ts"},{"assertionResults":[{"ancestorTitles":["UIManager - reconcilePlaybackUI"],"fullName":"UIManager - reconcilePlaybackUI should show Play and hide Pause when not playing","status":"passed","title":"should show Play and hide Pause when not playing","duration":6.566499999999905,"failureMessages":[],"meta":{},"tags":[]},{"ancestorTitles":["UIManager - reconcilePlaybackUI"],"fullName":"UIManager - reconcilePlaybackUI should show Pause and hide Play when playing","status":"passed","title":"should show Pause and hide Play when playing","duration":1.375,"failureMessages":[],"meta":{},"tags":[]},{"ancestorTitles":["UIManager - reconcilePlaybackUI"],"fullName":"UIManager - reconcilePlaybackUI should apply is-loading when controller is awaiting sync","status":"passed","title":"should apply is-loading when controller is awaiting sync","duration":5.2465000000001965,"failureMessages":[],"meta":{},"tags":[]},{"ancestorTitles":["UIManager - reconcilePlaybackUI"],"fullName":"UIManager - reconcilePlaybackUI should apply is-loading when engine reports stall","status":"passed","title":"should apply is-loading when engine reports stall","duration":1.7175999999999476,"failureMessages":[],"meta":{},"tags":[]},{"ancestorTitles":["UIManager - reconcilePlaybackUI"],"fullName":"UIManager - reconcilePlaybackUI should remove is-loading when neither stalled nor awaiting sync","status":"passed","title":"should remove is-loading when neither stalled nor awaiting sync","duration":1.2349000000003798,"failureMessages":[],"meta":{},"tags":[]}],"startTime":1775683297426,"endTime":1775683297442.2349,"status":"passed","message":"","name":"C:/Users/Idan4/Desktop/readme-preview-read-aloud/tests/webview/uiSync.test.ts"},{"assertionResults":[{"ancestorTitles":["UnifiedPlaybackMutex (E2E Integration - v2.3.1)"],"fullName":"UnifiedPlaybackMutex (E2E Integration - v2.3.1) SHOULD serialize synthesis and playBlob calls","status":"failed","title":"SHOULD serialize synthesis and playBlob calls","duration":30.98189999999977,"failureMessages":["AssertionError: expected [ 'playblob_done' ] to deeply equal [ 'speak_started' ]\n    at C:/Users/Idan4/Desktop/readme-preview-read-aloud/tests/webview/UnifiedPlaybackMutex.test.ts:65:24\n    at file:///C:/Users/Idan4/Desktop/readme-preview-read-aloud/node_modules/@vitest/runner/dist/chunk-artifact.js:1893:20"],"meta":{},"tags":[]},{"ancestorTitles":["UnifiedPlaybackMutex (E2E Integration - v2.3.1)"],"fullName":"UnifiedPlaybackMutex (E2E Integration - v2.3.1) SHOULD NOT allow an old intent to play if a new intent took over","status":"failed","title":"SHOULD NOT allow an old intent to play if a new intent took over","duration":45.92870000000039,"failureMessages":["AssertionError: expected \"vi.fn()\" to not be called at all, but actually been called 1 times\u001b[90m\n\nReceived:\n\n\u001b[1m  1st vi.fn() call:\n\n\u001b[22m    Array []\n\u001b[39m\u001b[90m\n\nNumber of calls: \u001b[1m1\u001b[22m\n\u001b[39m\n    at Proxy.<anonymous> (file:///C:/Users/Idan4/Desktop/readme-preview-read-aloud/node_modules/@vitest/expect/dist/index.js:1466:10)\n    at Proxy.<anonymous> (file:///C:/Users/Idan4/Desktop/readme-preview-read-aloud/node_modules/@vitest/expect/dist/index.js:1155:15)\n    at Proxy.methodWrapper (file:///C:/Users/Idan4/Desktop/readme-preview-read-aloud/node_modules/chai/index.js:1700:25)\n    at C:/Users/Idan4/Desktop/readme-preview-read-aloud/tests/webview/UnifiedPlaybackMutex.test.ts:91:29\n    at file:///C:/Users/Idan4/Desktop/readme-preview-read-aloud/node_modules/@vitest/runner/dist/chunk-artifact.js:1893:20"],"meta":{},"tags":[]},{"ancestorTitles":["UnifiedPlaybackMutex (E2E Integration - v2.3.1)"],"fullName":"UnifiedPlaybackMutex (E2E Integration - v2.3.1) SHOULD recover and allow subsequent playback if a previous one fails","status":"passed","title":"SHOULD recover and allow subsequent playback if a previous one fails","duration":6.149100000000544,"failureMessages":[],"meta":{},"tags":[]}],"startTime":1775683282976,"endTime":1775683283059.1492,"status":"failed","message":"","name":"C:/Users/Idan4/Desktop/readme-preview-read-aloud/tests/webview/UnifiedPlaybackMutex.test.ts"},{"assertionResults":[{"ancestorTitles":["renderWithLinks — utils (#3 regression guard)"],"fullName":"renderWithLinks — utils (#3 regression guard) should return empty string for empty input","status":"passed","title":"should return empty string for empty input","duration":3.11830000000009,"failureMessages":[],"meta":{},"tags":[]},{"ancestorTitles":["renderWithLinks — utils (#3 regression guard)"],"fullName":"renderWithLinks — utils (#3 regression guard) should escape plain HTML entities without touching text","status":"passed","title":"should escape plain HTML entities without touching text","duration":0.9498999999996158,"failureMessages":[],"meta":{},"tags":[]},{"ancestorTitles":["renderWithLinks — utils (#3 regression guard)"],"fullName":"renderWithLinks — utils (#3 regression guard) should convert file:/// markdown links to <a> tags","status":"passed","title":"should convert file:/// markdown links to <a> tags","duration":0.6350000000002183,"failureMessages":[],"meta":{},"tags":[]},{"ancestorTitles":["renderWithLinks — utils (#3 regression guard)"],"fullName":"renderWithLinks — utils (#3 regression guard) should NOT convert non-file:/// links","status":"passed","title":"should NOT convert non-file:/// links","duration":0.45159999999941647,"failureMessages":[],"meta":{},"tags":[]},{"ancestorTitles":["renderWithLinks — utils (#3 regression guard)"],"fullName":"renderWithLinks — utils (#3 regression guard) should handle multiple file links in one sentence","status":"passed","title":"should handle multiple file links in one sentence","duration":2.7015000000001237,"failureMessages":[],"meta":{},"tags":[]},{"ancestorTitles":["renderWithLinks — utils (#3 regression guard)"],"fullName":"renderWithLinks — utils (#3 regression guard) should return plain escaped text for sentences with no links","status":"passed","title":"should return plain escaped text for sentences with no links","duration":0.47149999999965075,"failureMessages":[],"meta":{},"tags":[]},{"ancestorTitles":["renderWithLinks — utils (#3 regression guard)"],"fullName":"renderWithLinks — utils (#3 regression guard) should not produce XSS via label content","status":"passed","title":"should not produce XSS via label content","duration":0.27329999999983556,"failureMessages":[],"meta":{},"tags":[]},{"ancestorTitles":["escapeHtml — utils (safety baseline)"],"fullName":"escapeHtml — utils (safety baseline) should escape all dangerous HTML characters","status":"passed","title":"should escape all dangerous HTML characters","duration":0.34950000000026193,"failureMessages":[],"meta":{},"tags":[]},{"ancestorTitles":["escapeHtml — utils (safety baseline)"],"fullName":"escapeHtml — utils (safety baseline) should return empty string for falsy input","status":"passed","title":"should return empty string for falsy input","duration":0.15869999999995343,"failureMessages":[],"meta":{},"tags":[]}],"startTime":1775683298119,"endTime":1775683298140.3496,"status":"passed","message":"","name":"C:/Users/Idan4/Desktop/readme-preview-read-aloud/tests/webview/utils.test.ts"},{"assertionResults":[{"ancestorTitles":["WebviewStore: Delta Sync Integrity"],"fullName":"WebviewStore: Delta Sync Integrity SHOULD preserve existing voice list when availableVoices is OMITTED from UI_SYNC","status":"passed","title":"SHOULD preserve existing voice list when availableVoices is OMITTED from UI_SYNC","duration":33.47470000000067,"failureMessages":[],"meta":{},"tags":[]},{"ancestorTitles":["WebviewStore: Delta Sync Integrity"],"fullName":"WebviewStore: Delta Sync Integrity SHOULD update voice list when explicitly provided (Handshake/Engine Change)","status":"passed","title":"SHOULD update voice list when explicitly provided (Handshake/Engine Change)","duration":11.783499999999549,"failureMessages":[],"meta":{},"tags":[]}],"startTime":1775683294142,"endTime":1775683294186.7834,"status":"passed","message":"","name":"C:/Users/Idan4/Desktop/readme-preview-read-aloud/tests/webview/WebviewStore.gating.test.ts"},{"assertionResults":[{"ancestorTitles":["WebviewStore: activeMode Sync"],"fullName":"WebviewStore: activeMode Sync should hydrate activeMode: FILE by default","status":"passed","title":"should hydrate activeMode: FILE by default","duration":12.220100000000457,"failureMessages":[],"meta":{},"tags":[]},{"ancestorTitles":["WebviewStore: activeMode Sync"],"fullName":"WebviewStore: activeMode Sync should hydrate activeMode: SNIPPET when received","status":"passed","title":"should hydrate activeMode: SNIPPET when received","duration":2.151100000000042,"failureMessages":[],"meta":{},"tags":[]},{"ancestorTitles":["WebviewStore: activeMode Sync"],"fullName":"WebviewStore: activeMode Sync should notify subscribers when activeMode changes","status":"passed","title":"should notify subscribers when activeMode changes","duration":6.273499999999331,"failureMessages":[],"meta":{},"tags":[]}],"startTime":1775683297415,"endTime":1775683297436.2734,"status":"passed","message":"","name":"C:/Users/Idan4/Desktop/readme-preview-read-aloud/tests/webview/WebviewStore.mode.test.ts"},{"assertionResults":[{"ancestorTitles":["WebviewStore — patchState (#2 regression guard)"],"fullName":"WebviewStore — patchState (#2 regression guard) should be a no-op if no base state exists yet","status":"passed","title":"should be a no-op if no base state exists yet","duration":17.12790000000041,"failureMessages":[],"meta":{},"tags":[]},{"ancestorTitles":["WebviewStore — patchState (#2 regression guard)"],"fullName":"WebviewStore — patchState (#2 regression guard) should merge a partial patch into existing state","status":"passed","title":"should merge a partial patch into existing state","duration":14.620900000000802,"failureMessages":[],"meta":{},"tags":[]},{"ancestorTitles":["WebviewStore — patchState (#2 regression guard)"],"fullName":"WebviewStore — patchState (#2 regression guard) should notify subscribers whose selected slice changed","status":"passed","title":"should notify subscribers whose selected slice changed","duration":10.126500000000306,"failureMessages":[],"meta":{},"tags":[]},{"ancestorTitles":["WebviewStore — patchState (#2 regression guard)"],"fullName":"WebviewStore — patchState (#2 regression guard) should NOT notify subscribers whose selected slice did NOT change","status":"passed","title":"should NOT notify subscribers whose selected slice did NOT change","duration":6.244399999999587,"failureMessages":[],"meta":{},"tags":[]},{"ancestorTitles":["WebviewStore — patchState (#2 regression guard)"],"fullName":"WebviewStore — patchState (#2 regression guard) should preserve all existing fields when patching a single field","status":"passed","title":"should preserve all existing fields when patching a single field","duration":13.923799999999574,"failureMessages":[],"meta":{},"tags":[]}],"startTime":1775683291296,"endTime":1775683291357.9238,"status":"passed","message":"","name":"C:/Users/Idan4/Desktop/readme-preview-read-aloud/tests/webview/WebviewStore.patchState.test.ts"},{"assertionResults":[{"ancestorTitles":["WebviewStore Sovereignty (TDD: Stale Sync Guard)"],"fullName":"WebviewStore Sovereignty (TDD: Stale Sync Guard) should trigger UI update on optimistic state change","status":"passed","title":"should trigger UI update on optimistic state change","duration":11.055099999999584,"failureMessages":[],"meta":{},"tags":[]},{"ancestorTitles":["WebviewStore Sovereignty (TDD: Stale Sync Guard)"],"fullName":"WebviewStore Sovereignty (TDD: Stale Sync Guard) SHOULD ignore stale UI_SYNC playback states if a recent user intent exists","status":"passed","title":"SHOULD ignore stale UI_SYNC playback states if a recent user intent exists","duration":4.571199999999408,"failureMessages":[],"meta":{},"tags":[]}],"startTime":1775683297725,"endTime":1775683297740.5713,"status":"passed","message":"","name":"C:/Users/Idan4/Desktop/readme-preview-read-aloud/tests/webview/WebviewStore.sovereignty.test.ts"},{"assertionResults":[{"ancestorTitles":["WebviewStore"],"fullName":"WebviewStore should hydrate state from UI_SYNC commands","status":"passed","title":"should hydrate state from UI_SYNC commands","duration":25.212000000000444,"failureMessages":[],"meta":{},"tags":[]},{"ancestorTitles":["WebviewStore"],"fullName":"WebviewStore should notify subscribers using selectors","status":"passed","title":"should notify subscribers using selectors","duration":15.896999999999935,"failureMessages":[],"meta":{},"tags":[]},{"ancestorTitles":["WebviewStore"],"fullName":"WebviewStore should provide unsubscribe functionality","status":"passed","title":"should provide unsubscribe functionality","duration":12.303100000000086,"failureMessages":[],"meta":{},"tags":[]},{"ancestorTitles":["WebviewStore"],"fullName":"WebviewStore should maintain default audio settings (rate: 0, volume: 50) if not provided","status":"passed","title":"should maintain default audio settings (rate: 0, volume: 50) if not provided","duration":9.469000000000051,"failureMessages":[],"meta":{},"tags":[]}],"startTime":1775683292020,"endTime":1775683292084.469,"status":"passed","message":"","name":"C:/Users/Idan4/Desktop/readme-preview-read-aloud/tests/webview/WebviewStore.test.ts"},{"assertionResults":[{"ancestorTitles":["FileContext (Optimistic UI)"],"fullName":"FileContext (Optimistic UI) should implement optimistic \"Loading...\" feedback on Load File click","status":"passed","title":"should implement optimistic \"Loading...\" feedback on Load File click","duration":210.34360000000015,"failureMessages":[],"meta":{},"tags":[]},{"ancestorTitles":["FileContext (Optimistic UI)"],"fullName":"FileContext (Optimistic UI) should implement optimistic clearing of reader slot on Clear click","status":"passed","title":"should implement optimistic clearing of reader slot on Clear click","duration":66.83090000000084,"failureMessages":[],"meta":{},"tags":[]},{"ancestorTitles":["FileContext (Optimistic UI)"],"fullName":"FileContext (Optimistic UI) should revert from optimistic state when sync completes","status":"passed","title":"should revert from optimistic state when sync completes","duration":34.94200000000092,"failureMessages":[],"meta":{},"tags":[]}],"startTime":1775683293744,"endTime":1775683294055.942,"status":"passed","message":"","name":"C:/Users/Idan4/Desktop/readme-preview-read-aloud/tests/webview/components/FileContext.test.ts"},{"assertionResults":[{"ancestorTitles":["PlaybackControls","status-dot indicator (#1 regression guard)"],"fullName":"PlaybackControls status-dot indicator (#1 regression guard) should add \"online\" class when actively playing","status":"passed","title":"should add \"online\" class when actively playing","duration":151.70030000000042,"failureMessages":[],"meta":{},"tags":[]},{"ancestorTitles":["PlaybackControls","status-dot indicator (#1 regression guard)"],"fullName":"PlaybackControls status-dot indicator (#1 regression guard) should remove \"online\" class when paused","status":"passed","title":"should remove \"online\" class when paused","duration":42.246399999999994,"failureMessages":[],"meta":{},"tags":[]},{"ancestorTitles":["PlaybackControls","status-dot indicator (#1 regression guard)"],"fullName":"PlaybackControls status-dot indicator (#1 regression guard) should add \"stalled\" class when playback is stalled","status":"passed","title":"should add \"stalled\" class when playback is stalled","duration":37.34410000000025,"failureMessages":[],"meta":{},"tags":[]},{"ancestorTitles":["PlaybackControls","status-dot indicator (#1 regression guard)"],"fullName":"PlaybackControls status-dot indicator (#1 regression guard) should remove \"online\" and \"stalled\" when stopped","status":"passed","title":"should remove \"online\" and \"stalled\" when stopped","duration":26.376500000000306,"failureMessages":[],"meta":{},"tags":[]},{"ancestorTitles":["PlaybackControls","status-dot indicator (#1 regression guard)"],"fullName":"PlaybackControls status-dot indicator (#1 regression guard) should not throw if statusDot element is null","status":"passed","title":"should not throw if statusDot element is null","duration":25.617099999999482,"failureMessages":[],"meta":{},"tags":[]},{"ancestorTitles":["PlaybackControls","Optimistic UI & Haptics (Phase 2)"],"fullName":"PlaybackControls Optimistic UI & Haptics (Phase 2) should optimistically cycle autoplay mode on click","status":"passed","title":"should optimistically cycle autoplay mode on click","duration":74.66449999999986,"failureMessages":[],"meta":{},"tags":[]},{"ancestorTitles":["PlaybackControls","Optimistic UI & Haptics (Phase 2)"],"fullName":"PlaybackControls Optimistic UI & Haptics (Phase 2) should trigger pulse haptics on statusDot for transport actions","status":"passed","title":"should trigger pulse haptics on statusDot for transport actions","duration":41.768300000000636,"failureMessages":[],"meta":{},"tags":[]}],"startTime":1775683290290,"endTime":1775683290691.7683,"status":"passed","message":"","name":"C:/Users/Idan4/Desktop/readme-preview-read-aloud/tests/webview/components/PlaybackControls.test.ts"},{"assertionResults":[{"ancestorTitles":["SentenceNavigator"],"fullName":"SentenceNavigator should render sentences from store","status":"passed","title":"should render sentences from store","duration":214.79419999999936,"failureMessages":[],"meta":{},"tags":[]},{"ancestorTitles":["SentenceNavigator"],"fullName":"SentenceNavigator should handle jump on click","status":"passed","title":"should handle jump on click","duration":193.41290000000026,"failureMessages":[],"meta":{},"tags":[]},{"ancestorTitles":["SentenceNavigator"],"fullName":"SentenceNavigator should reflect stalled state","status":"passed","title":"should reflect stalled state","duration":72.22909999999956,"failureMessages":[],"meta":{},"tags":[]},{"ancestorTitles":["SentenceNavigator"],"fullName":"SentenceNavigator should show pending index during jump","status":"passed","title":"should show pending index during jump","duration":75.82719999999972,"failureMessages":[],"meta":{},"tags":[]}],"startTime":1775683282977,"endTime":1775683283533.8271,"status":"passed","message":"","name":"C:/Users/Idan4/Desktop/readme-preview-read-aloud/tests/webview/components/SentenceNavigator.test.ts"},{"assertionResults":[{"ancestorTitles":["SettingsDrawer"],"fullName":"SettingsDrawer should update volume label when slider changes (oninput)","status":"passed","title":"should update volume label when slider changes (oninput)","duration":223.2543000000005,"failureMessages":[],"meta":{},"tags":[]},{"ancestorTitles":["SettingsDrawer"],"fullName":"SettingsDrawer should update rate label with correct scale when slider changes (oninput)","status":"passed","title":"should update rate label with correct scale when slider changes (oninput)","duration":51.60519999999997,"failureMessages":[],"meta":{},"tags":[]},{"ancestorTitles":["SettingsDrawer"],"fullName":"SettingsDrawer should sync sliders and labels with Store state","status":"passed","title":"should sync sliders and labels with Store state","duration":99.8210999999992,"failureMessages":[],"meta":{},"tags":[]},{"ancestorTitles":["SettingsDrawer"],"fullName":"SettingsDrawer should post action when volume slider changes","status":"passed","title":"should post action when volume slider changes","duration":25.20759999999973,"failureMessages":[],"meta":{},"tags":[]},{"ancestorTitles":["SettingsDrawer"],"fullName":"SettingsDrawer should toggle \"active\" class on engine buttons based on store state","status":"passed","title":"should toggle \"active\" class on engine buttons based on store state","duration":22.90229999999974,"failureMessages":[],"meta":{},"tags":[]}],"startTime":1775683285036,"endTime":1775683285459.9023,"status":"passed","message":"","name":"C:/Users/Idan4/Desktop/readme-preview-read-aloud/tests/webview/components/SettingsDrawer.test.ts"},{"assertionResults":[{"ancestorTitles":["VoiceSelector"],"fullName":"VoiceSelector should render a list of custom \"voice-item\" elements","status":"passed","title":"should render a list of custom \"voice-item\" elements","duration":112.60850000000028,"failureMessages":[],"meta":{},"tags":[]},{"ancestorTitles":["VoiceSelector"],"fullName":"VoiceSelector should show sparkle icon for neural voices","status":"passed","title":"should show sparkle icon for neural voices","duration":172.26230000000032,"failureMessages":[],"meta":{},"tags":[]},{"ancestorTitles":["VoiceSelector"],"fullName":"VoiceSelector should filter the list based on search term","status":"passed","title":"should filter the list based on search term","duration":27.16189999999915,"failureMessages":[],"meta":{},"tags":[]},{"ancestorTitles":["VoiceSelector"],"fullName":"VoiceSelector should post action when a voice item is clicked","status":"passed","title":"should post action when a voice item is clicked","duration":27.53060000000005,"failureMessages":[],"meta":{},"tags":[]},{"ancestorTitles":["VoiceSelector"],"fullName":"VoiceSelector should scroll selected voice into view using timers","status":"passed","title":"should scroll selected voice into view using timers","duration":29.740999999999985,"failureMessages":[],"meta":{},"tags":[]}],"startTime":1775683284927,"endTime":1775683285296.741,"status":"passed","message":"","name":"C:/Users/Idan4/Desktop/readme-preview-read-aloud/tests/webview/components/VoiceSelector.test.ts"},{"assertionResults":[{"ancestorTitles":["BaseComponent"],"fullName":"BaseComponent should initialize and validate elements","status":"passed","title":"should initialize and validate elements","duration":26.97859999999946,"failureMessages":[],"meta":{},"tags":[]},{"ancestorTitles":["BaseComponent"],"fullName":"BaseComponent should warn if elements are missing","status":"passed","title":"should warn if elements are missing","duration":14.095400000000154,"failureMessages":[],"meta":{},"tags":[]},{"ancestorTitles":["BaseComponent"],"fullName":"BaseComponent should call render on mount","status":"passed","title":"should call render on mount","duration":10.756200000000717,"failureMessages":[],"meta":{},"tags":[]},{"ancestorTitles":["BaseComponent"],"fullName":"BaseComponent should manage subscriptions and cleanup on unmount","status":"passed","title":"should manage subscriptions and cleanup on unmount","duration":21.005699999999706,"failureMessages":[],"meta":{},"tags":[]}],"startTime":1775683290500,"endTime":1775683290573.0056,"status":"passed","message":"","name":"C:/Users/Idan4/Desktop/readme-preview-read-aloud/tests/webview/core/BaseComponent.test.ts"},{"assertionResults":[{"ancestorTitles":["CommandDispatcher Logging (TDD)"],"fullName":"CommandDispatcher Logging (TDD) SHOULD filter PROGRESS and CACHE_STATS commands from the log","status":"passed","title":"SHOULD filter PROGRESS and CACHE_STATS commands from the log","duration":2.1890000000003056,"failureMessages":[],"meta":{},"tags":[]},{"ancestorTitles":["CommandDispatcher Logging (TDD)"],"fullName":"CommandDispatcher Logging (TDD) SHOULD format messages with [HOST -> WEBVIEW] prefix","status":"passed","title":"SHOULD format messages with [HOST -> WEBVIEW] prefix","duration":1.9068000000006577,"failureMessages":[],"meta":{},"tags":[]},{"ancestorTitles":["CommandDispatcher Logging (TDD)"],"fullName":"CommandDispatcher Logging (TDD) SHOULD truncate large binary data or arrays","status":"passed","title":"SHOULD truncate large binary data or arrays","duration":0.39620000000013533,"failureMessages":[],"meta":{},"tags":[]},{"ancestorTitles":["CommandDispatcher Logging (TDD)"],"fullName":"CommandDispatcher Logging (TDD) SHOULD truncate large arrays in payloads","status":"passed","title":"SHOULD truncate large arrays in payloads","duration":0.29879999999957363,"failureMessages":[],"meta":{},"tags":[]},{"ancestorTitles":["CommandDispatcher Logging (TDD)"],"fullName":"CommandDispatcher Logging (TDD) SHOULD handle null/undefined data safely","status":"passed","title":"SHOULD handle null/undefined data safely","duration":0.15140000000064902,"failureMessages":[],"meta":{},"tags":[]}],"startTime":1775683298534,"endTime":1775683298539.2988,"status":"passed","message":"","name":"C:/Users/Idan4/Desktop/readme-preview-read-aloud/tests/webview/core/CommandDispatcher.test.ts"},{"assertionResults":[{"ancestorTitles":["PlaybackController: Optimistic Transitions (TDD)"],"fullName":"PlaybackController: Optimistic Transitions (TDD) STOP: should patch the store with intent=STOPPED immediately","status":"passed","title":"STOP: should patch the store with intent=STOPPED immediately","duration":26.532799999999952,"failureMessages":[],"meta":{},"tags":[]},{"ancestorTitles":["PlaybackController: Optimistic Transitions (TDD)"],"fullName":"PlaybackController: Optimistic Transitions (TDD) PAUSE: should patch the store with intent=PAUSED immediately","status":"passed","title":"PAUSE: should patch the store with intent=PAUSED immediately","duration":7.656399999999849,"failureMessages":[],"meta":{},"tags":[]}],"startTime":1775683292143,"endTime":1775683292176.6565,"status":"passed","message":"","name":"C:/Users/Idan4/Desktop/readme-preview-read-aloud/tests/webview/core/PlaybackController.test.ts"},{"assertionResults":[{"ancestorTitles":["PlaybackController: Watchdog & Stall Suppression"],"fullName":"PlaybackController: Watchdog & Stall Suppression SHOULD trigger watchdog and set isAwaitingSync=true on navigation","status":"passed","title":"SHOULD trigger watchdog and set isAwaitingSync=true on navigation","duration":57.3705000000009,"failureMessages":[],"meta":{},"tags":[]},{"ancestorTitles":["PlaybackController: Watchdog & Stall Suppression"],"fullName":"PlaybackController: Watchdog & Stall Suppression SHOULD clear isAwaitingSync when a UI_SYNC arrives with matching state","status":"passed","title":"SHOULD clear isAwaitingSync when a UI_SYNC arrives with matching state","duration":7.7343999999993684,"failureMessages":[],"meta":{},"tags":[]},{"ancestorTitles":["PlaybackController: Watchdog & Stall Suppression"],"fullName":"PlaybackController: Watchdog & Stall Suppression SHOULD time out isAwaitingSync if no response arrives within INTENT_TIMEOUT_MS (5000ms)","status":"passed","title":"SHOULD time out isAwaitingSync if no response arrives within INTENT_TIMEOUT_MS (5000ms)","duration":17.396099999999933,"failureMessages":[],"meta":{},"tags":[]},{"ancestorTitles":["PlaybackController: Watchdog & Stall Suppression"],"fullName":"PlaybackController: Watchdog & Stall Suppression SHOULD increment intentId on every navigation to prevent race conditions","status":"passed","title":"SHOULD increment intentId on every navigation to prevent race conditions","duration":8.113400000000183,"failureMessages":[],"meta":{},"tags":[]}],"startTime":1775683294343,"endTime":1775683294433.1133,"status":"passed","message":"","name":"C:/Users/Idan4/Desktop/readme-preview-read-aloud/tests/webview/core/PlaybackWatchdog.test.ts"},{"assertionResults":[{"ancestorTitles":["Resilience: RaceCondition (v2.3.1 - Mutex Guard)"],"fullName":"Resilience: RaceCondition (v2.3.1 - Mutex Guard) SHOULD reject late audio packets from a previous intent (Zombie Guard)","status":"failed","title":"SHOULD reject late audio packets from a previous intent (Zombie Guard)","duration":29.641499999999724,"failureMessages":["TypeError: undefined is not a spy or a call to a spy!\n    at assertIsMock (file:///C:/Users/Idan4/Desktop/readme-preview-read-aloud/node_modules/@vitest/expect/dist/index.js:1430:10)\n    at getSpy (file:///C:/Users/Idan4/Desktop/readme-preview-read-aloud/node_modules/@vitest/expect/dist/index.js:1434:3)\n    at Proxy.<anonymous> (file:///C:/Users/Idan4/Desktop/readme-preview-read-aloud/node_modules/@vitest/expect/dist/index.js:1450:15)\n    at Proxy.<anonymous> (file:///C:/Users/Idan4/Desktop/readme-preview-read-aloud/node_modules/@vitest/expect/dist/index.js:1155:15)\n    at Proxy.methodWrapper (file:///C:/Users/Idan4/Desktop/readme-preview-read-aloud/node_modules/chai/index.js:1700:25)\n    at C:/Users/Idan4/Desktop/readme-preview-read-aloud/tests/webview/core/RaceCondition.test.ts:39:29\n    at processTicksAndRejections (node:internal/process/task_queues:103:5)\n    at file:///C:/Users/Idan4/Desktop/readme-preview-read-aloud/node_modules/@vitest/runner/dist/chunk-artifact.js:1893:20"],"meta":{},"tags":[]},{"ancestorTitles":["Resilience: RaceCondition (v2.3.1 - Mutex Guard)"],"fullName":"Resilience: RaceCondition (v2.3.1 - Mutex Guard) SHOULD allow audio packets that match the current intent","status":"passed","title":"SHOULD allow audio packets that match the current intent","duration":14.040600000000268,"failureMessages":[],"meta":{},"tags":[]},{"ancestorTitles":["Resilience: RaceCondition (v2.3.1 - Mutex Guard)"],"fullName":"Resilience: RaceCondition (v2.3.1 - Mutex Guard) SHOULD honor the STOP intent even if audio arrives","status":"failed","title":"SHOULD honor the STOP intent even if audio arrives","duration":7.341500000000451,"failureMessages":["AssertionError: expected \"vi.fn()\" to not be called at all, but actually been called 1 times\u001b[90m\n\nReceived:\n\n\u001b[1m  1st vi.fn() call:\n\n\u001b[22m    Array []\n\u001b[39m\u001b[90m\n\nNumber of calls: \u001b[1m1\u001b[22m\n\u001b[39m\n    at Proxy.<anonymous> (file:///C:/Users/Idan4/Desktop/readme-preview-read-aloud/node_modules/@vitest/expect/dist/index.js:1466:10)\n    at Proxy.<anonymous> (file:///C:/Users/Idan4/Desktop/readme-preview-read-aloud/node_modules/@vitest/expect/dist/index.js:1155:15)\n    at Proxy.methodWrapper (file:///C:/Users/Idan4/Desktop/readme-preview-read-aloud/node_modules/chai/index.js:1700:25)\n    at C:/Users/Idan4/Desktop/readme-preview-read-aloud/tests/webview/core/RaceCondition.test.ts:75:29\n    at processTicksAndRejections (node:internal/process/task_queues:103:5)\n    at file:///C:/Users/Idan4/Desktop/readme-preview-read-aloud/node_modules/@vitest/runner/dist/chunk-artifact.js:1893:20"],"meta":{},"tags":[]}],"startTime":1775683282976,"endTime":1775683283027.3416,"status":"failed","message":"","name":"C:/Users/Idan4/Desktop/readme-preview-read-aloud/tests/webview/core/RaceCondition.test.ts"},{"assertionResults":[{"ancestorTitles":["WebviewAudioEngine (v2.3.1 - Dumb Player)"],"fullName":"WebviewAudioEngine (v2.3.1 - Dumb Player) should acquire lock for speakLocal and release it on completion","status":"failed","title":"should acquire lock for speakLocal and release it on completion","duration":40.958199999999124,"failureMessages":["AssertionError: expected \"vi.fn()\" to be called at least once\n    at Proxy.<anonymous> (file:///C:/Users/Idan4/Desktop/readme-preview-read-aloud/node_modules/@vitest/expect/dist/index.js:1466:10)\n    at Proxy.<anonymous> (file:///C:/Users/Idan4/Desktop/readme-preview-read-aloud/node_modules/@vitest/expect/dist/index.js:1155:15)\n    at Proxy.methodWrapper (file:///C:/Users/Idan4/Desktop/readme-preview-read-aloud/node_modules/chai/index.js:1700:25)\n    at C:/Users/Idan4/Desktop/readme-preview-read-aloud/tests/webview/core/WebviewAudioEngine.test.ts:45:26\n    at processTicksAndRejections (node:internal/process/task_queues:103:5)\n    at file:///C:/Users/Idan4/Desktop/readme-preview-read-aloud/node_modules/@vitest/runner/dist/chunk-artifact.js:1893:20"],"meta":{},"tags":[]},{"ancestorTitles":["WebviewAudioEngine (v2.3.1 - Dumb Player)"],"fullName":"WebviewAudioEngine (v2.3.1 - Dumb Player) should acquire lock for playBlob and release it on completion","status":"failed","title":"should acquire lock for playBlob and release it on completion","duration":61.99409999999989,"failureMessages":["AssertionError: expected undefined to be defined\n    at C:/Users/Idan4/Desktop/readme-preview-read-aloud/tests/webview/core/WebviewAudioEngine.test.ts:63:27\n    at file:///C:/Users/Idan4/Desktop/readme-preview-read-aloud/node_modules/@vitest/runner/dist/chunk-artifact.js:1893:20"],"meta":{},"tags":[]},{"ancestorTitles":["WebviewAudioEngine (v2.3.1 - Dumb Player)"],"fullName":"WebviewAudioEngine (v2.3.1 - Dumb Player) stop() should kill all active playback and release locks","status":"failed","title":"stop() should kill all active playback and release locks","duration":1025.6049999999996,"failureMessages":["AssertionError: expected false to be true // Object.is equality\n    at C:/Users/Idan4/Desktop/readme-preview-read-aloud/tests/webview/core/WebviewAudioEngine.test.ts:78:56\n    at Timeout.checkCallback (file:///C:/Users/Idan4/Desktop/readme-preview-read-aloud/node_modules/vitest/dist/chunks/test.p_J6dB8a.js:3712:20)\n    at listOnTimeout (node:internal/timers:605:17)\n    at processTimers (node:internal/timers:541:7)"],"meta":{},"tags":[]},{"ancestorTitles":["WebviewAudioEngine (v2.3.1 - Dumb Player)"],"fullName":"WebviewAudioEngine (v2.3.1 - Dumb Player) should allow newer intents to bust older ones","status":"failed","title":"should allow newer intents to bust older ones","duration":1026.6170000000002,"failureMessages":["AssertionError: expected false to be true // Object.is equality\n    at C:/Users/Idan4/Desktop/readme-preview-read-aloud/tests/webview/core/WebviewAudioEngine.test.ts:91:56\n    at Timeout.checkCallback (file:///C:/Users/Idan4/Desktop/readme-preview-read-aloud/node_modules/vitest/dist/chunks/test.p_J6dB8a.js:3712:20)\n    at listOnTimeout (node:internal/timers:605:17)\n    at processTimers (node:internal/timers:541:7)"],"meta":{},"tags":[]},{"ancestorTitles":["WebviewAudioEngine (v2.3.1 - Dumb Player)"],"fullName":"WebviewAudioEngine (v2.3.1 - Dumb Player) should reject requests with old intent IDs","status":"failed","title":"should reject requests with old intent IDs","duration":1017.0128000000004,"failureMessages":["AssertionError: expected \"vi.fn()\" to be called 1 times, but got 0 times\n    at C:/Users/Idan4/Desktop/readme-preview-read-aloud/tests/webview/core/WebviewAudioEngine.test.ts:111:49\n    at Timeout.checkCallback (file:///C:/Users/Idan4/Desktop/readme-preview-read-aloud/node_modules/vitest/dist/chunks/test.p_J6dB8a.js:3712:20)\n    at listOnTimeout (node:internal/timers:605:17)\n    at processTimers (node:internal/timers:541:7)"],"meta":{},"tags":[]}],"startTime":1775683285400,"endTime":1775683288572.0127,"status":"failed","message":"","name":"C:/Users/Idan4/Desktop/readme-preview-read-aloud/tests/webview/core/WebviewAudioEngine.test.ts"}]}